#
# There is insufficient memory for the Java Runtime Environment to continue.
# Native memory allocation (mmap) failed to map 32505856 bytes for Failed to commit area from 0x000000008ac00000 to 0x000000008cb00000 of length 32505856.
# Possible reasons:
#   The system is out of physical RAM or swap space
#   The process is running with CompressedOops enabled, and the Java Heap may be blocking the growth of the native heap
# Possible solutions:
#   Reduce memory load on the system
#   Increase physical memory or swap space
#   Check if swap backing store is full
#   Decrease Java heap size (-Xmx/-Xms)
#   Decrease number of Java threads
#   Decrease Java thread stack sizes (-Xss)
#   Set larger code cache with -XX:ReservedCodeCacheSize=
#   JVM is running with Unscaled Compressed Oops mode in which the Java heap is
#     placed in the first 4GB address space. The Java Heap base address is the
#     maximum limit for the native heap growth. Please use -XX:HeapBaseMinAddress
#     to set the Java Heap base and to place the Java Heap above 4GB virtual address.
# This output file may be truncated or incomplete.
#
#  Out of Memory Error (./src/hotspot/os/windows/os_windows.cpp:3521), pid=12776, tid=15304
#
# JRE version: OpenJDK Runtime Environment (11.0.12+7) (build 11.0.12+7-b1504.28-7817840)
# Java VM: OpenJDK 64-Bit Server VM (11.0.12+7-b1504.28-7817840, mixed mode, tiered, compressed oops, g1 gc, windows-amd64)
# No core dump will be written. Minidumps are not enabled by default on client versions of Windows
#

---------------  S U M M A R Y ------------

Command Line: org.jetbrains.kotlin.cli.jvm.K2JVMCompiler @C:\Users\hasan\AndroidStudioProjects\Sipmase\app\build\20220914_15519986250766409543.compiler.options

Host: Intel(R) Core(TM) i5 CPU       M 460  @ 2.53GHz, 4 cores, 7G,  Windows 10 , 64 bit Build 19041 (10.0.19041.1889)
Time: Wed Sep 14 10:34:54 2022 SE Asia Standard Time elapsed time: 52.807216 seconds (0d 0h 0m 52s)

---------------  T H R E A D  ---------------

Current thread (0x0000029e7f41e000):  VMThread "VM Thread" [stack: 0x000000ed8f800000,0x000000ed8f900000] [id=15304]

Stack: [0x000000ed8f800000,0x000000ed8f900000]
[error occurred during error reporting (printing stack bounds), id 0xc0000005, EXCEPTION_ACCESS_VIOLATION (0xc0000005) at pc=0x0000029e6cc7113d]

Native frames: (J=compiled Java code, j=interpreted, Vv=VM code, C=native code)
V  [jvm.dll+0x5fbcea]
V  [jvm.dll+0x731905]
V  [jvm.dll+0x732f1d]
V  [jvm.dll+0x733535]
V  [jvm.dll+0x7334eb]
V  [jvm.dll+0x5fb080]
V  [jvm.dll+0x5fb818]
C  [ntdll.dll+0xa229f]
C  [ntdll.dll+0x51454]
C  [ntdll.dll+0xa0dce]
C  0x0000029e6cc7113d

VM_Operation (0x000000ed8f2fc2f0): G1CollectForAllocation, mode: safepoint, requested by thread 0x0000029e69159800


---------------  P R O C E S S  ---------------

Threads class SMR info:
_java_thread_list=0x0000029e0413b600, length=10, elements={
0x0000029e69159800, 0x0000029e7f442000, 0x0000029e7f446000, 0x0000029e7f461000,
0x0000029e7f462000, 0x0000029e7f464800, 0x0000029e7f467800, 0x0000029e7f46b000,
0x0000029e7f479800, 0x0000029e04142800
}

Java Threads: ( => current thread )
  0x0000029e69159800 JavaThread "main" [_thread_blocked, id=14388, stack(0x000000ed8f200000,0x000000ed8f300000)]
  0x0000029e7f442000 JavaThread "Reference Handler" daemon [_thread_blocked, id=1152, stack(0x000000ed8f900000,0x000000ed8fa00000)]
  0x0000029e7f446000 JavaThread "Finalizer" daemon [_thread_blocked, id=13084, stack(0x000000ed8fa00000,0x000000ed8fb00000)]
  0x0000029e7f461000 JavaThread "Signal Dispatcher" daemon [_thread_blocked, id=9344, stack(0x000000ed8fb00000,0x000000ed8fc00000)]
  0x0000029e7f462000 JavaThread "Attach Listener" daemon [_thread_blocked, id=7052, stack(0x000000ed8fc00000,0x000000ed8fd00000)]
  0x0000029e7f464800 JavaThread "Service Thread" daemon [_thread_blocked, id=5252, stack(0x000000ed8fd00000,0x000000ed8fe00000)]
  0x0000029e7f467800 JavaThread "C2 CompilerThread0" daemon [_thread_blocked, id=7088, stack(0x000000ed8fe00000,0x000000ed8ff00000)]
  0x0000029e7f46b000 JavaThread "C1 CompilerThread0" daemon [_thread_blocked, id=8720, stack(0x000000ed8ff00000,0x000000ed90000000)]
  0x0000029e7f479800 JavaThread "Sweeper thread" daemon [_thread_blocked, id=3484, stack(0x000000ed90000000,0x000000ed90100000)]
  0x0000029e04142800 JavaThread "Common-Cleaner" daemon [_thread_blocked, id=12540, stack(0x000000ed90200000,0x000000ed90300000)]

Other Threads:
=>0x0000029e7f41e000 VMThread "VM Thread" [stack: 0x000000ed8f800000,0x000000ed8f900000] [id=15304]
  0x0000029e0413e000 WatcherThread [stack: 0x000000ed90100000,0x000000ed90200000] [id=11448]
  0x0000029e69172800 GCTaskThread "GC Thread#0" [stack: 0x000000ed8f300000,0x000000ed8f400000] [id=12728]
  0x0000029e044d2000 GCTaskThread "GC Thread#1" [stack: 0x000000ed90300000,0x000000ed90400000] [id=12780]
  0x0000029e04505000 GCTaskThread "GC Thread#2" [stack: 0x000000ed90400000,0x000000ed90500000] [id=2168]
  0x0000029e691a1800 ConcurrentGCThread "G1 Main Marker" [stack: 0x000000ed8f400000,0x000000ed8f500000] [id=2596]
  0x0000029e691a4800 ConcurrentGCThread "G1 Conc#0" [stack: 0x000000ed8f500000,0x000000ed8f600000] [id=11364]
  0x0000029e69234800 ConcurrentGCThread "G1 Refine#0" [stack: 0x000000ed8f600000,0x000000ed8f700000] [id=16344]
  0x0000029e077e5000 ConcurrentGCThread "G1 Refine#1" [stack: 0x000000ed90500000,0x000000ed90600000] [id=8000]
  0x0000029e07150000 ConcurrentGCThread "G1 Refine#2" [stack: 0x000000ed90600000,0x000000ed90700000] [id=13940]
  0x0000029e69237000 ConcurrentGCThread "G1 Young RemSet Sampling" [stack: 0x000000ed8f700000,0x000000ed8f800000] [id=15164]

Threads with active compile tasks:
C2 CompilerThread0  52845 8610       4       org.jetbrains.kotlin.util.Checks::isApplicable (103 bytes)

VM state:at safepoint (normal execution)

VM Mutex/Monitor currently owned by a thread:  ([mutex/lock_event])
[0x0000029e691560d0] Threads_lock - owner thread: 0x0000029e7f41e000
[0x0000029e69155ce0] Heap_lock - owner thread: 0x0000029e69159800

Heap address: 0x0000000081200000, size: 2030 MB, Compressed Oops mode: 32-bit
Narrow klass base: 0x0000000000000000, Narrow klass shift: 3
Compressed class space size: 1073741824 Address: 0x0000000100000000

Heap:
 garbage-first heap   total 189440K, used 74752K [0x0000000081200000, 0x0000000100000000)
  region size 1024K, 1 young (1024K), 1 survivors (1024K)
 Metaspace       used 60016K, capacity 60758K, committed 61056K, reserved 1103872K
  class space    used 6606K, capacity 6916K, committed 7040K, reserved 1048576K
Heap Regions: E=young(eden), S=young(survivor), O=old, HS=humongous(starts), HC=humongous(continues), CS=collection set, F=free, A=archive, TAMS=top-at-mark-start (previous, next)
|   0|0x0000000081200000, 0x0000000081300000, 0x0000000081300000|100%|HS|  |TAMS 0x0000000081300000, 0x0000000081200000| Complete 
|   1|0x0000000081300000, 0x0000000081400000, 0x0000000081400000|100%|HC|  |TAMS 0x0000000081400000, 0x0000000081300000| Complete 
|   2|0x0000000081400000, 0x0000000081500000, 0x0000000081500000|100%|HC|  |TAMS 0x0000000081500000, 0x0000000081400000| Complete 
|   3|0x0000000081500000, 0x0000000081600000, 0x0000000081600000|100%| O|  |TAMS 0x0000000081600000, 0x0000000081500000| Untracked 
|   4|0x0000000081600000, 0x0000000081700000, 0x0000000081700000|100%| O|  |TAMS 0x0000000081700000, 0x0000000081600000| Untracked 
|   5|0x0000000081700000, 0x0000000081800000, 0x0000000081800000|100%|HS|  |TAMS 0x0000000081800000, 0x0000000081700000| Complete 
|   6|0x0000000081800000, 0x0000000081900000, 0x0000000081900000|100%|HC|  |TAMS 0x0000000081900000, 0x0000000081800000| Complete 
|   7|0x0000000081900000, 0x0000000081a00000, 0x0000000081a00000|100%|HC|  |TAMS 0x0000000081a00000, 0x0000000081900000| Complete 
|   8|0x0000000081a00000, 0x0000000081b00000, 0x0000000081b00000|100%| O|  |TAMS 0x0000000081b00000, 0x0000000081a00000| Untracked 
|   9|0x0000000081b00000, 0x0000000081c00000, 0x0000000081c00000|100%| O|  |TAMS 0x0000000081c00000, 0x0000000081b00000| Untracked 
|  10|0x0000000081c00000, 0x0000000081d00000, 0x0000000081d00000|100%| O|  |TAMS 0x0000000081d00000, 0x0000000081c00000| Untracked 
|  11|0x0000000081d00000, 0x0000000081e00000, 0x0000000081e00000|100%| O|  |TAMS 0x0000000081e00000, 0x0000000081d00000| Untracked 
|  12|0x0000000081e00000, 0x0000000081f00000, 0x0000000081f00000|100%| O|  |TAMS 0x0000000081f00000, 0x0000000081e00000| Untracked 
|  13|0x0000000081f00000, 0x0000000082000000, 0x0000000082000000|100%| O|  |TAMS 0x0000000082000000, 0x0000000081f00000| Untracked 
|  14|0x0000000082000000, 0x0000000082100000, 0x0000000082100000|100%|HS|  |TAMS 0x0000000082100000, 0x0000000082000000| Complete 
|  15|0x0000000082100000, 0x0000000082200000, 0x0000000082200000|100%|HC|  |TAMS 0x0000000082200000, 0x0000000082100000| Complete 
|  16|0x0000000082200000, 0x0000000082300000, 0x0000000082300000|100%| O|  |TAMS 0x0000000082300000, 0x0000000082200000| Untracked 
|  17|0x0000000082300000, 0x0000000082400000, 0x0000000082400000|100%| O|  |TAMS 0x0000000082400000, 0x0000000082300000| Untracked 
|  18|0x0000000082400000, 0x0000000082500000, 0x0000000082500000|100%| O|  |TAMS 0x0000000082500000, 0x0000000082400000| Untracked 
|  19|0x0000000082500000, 0x0000000082600000, 0x0000000082600000|100%| O|  |TAMS 0x0000000082600000, 0x0000000082500000| Untracked 
|  20|0x0000000082600000, 0x0000000082700000, 0x0000000082700000|100%| O|  |TAMS 0x0000000082700000, 0x0000000082600000| Complete 
|  21|0x0000000082700000, 0x0000000082800000, 0x0000000082800000|100%| O|  |TAMS 0x0000000082800000, 0x0000000082700000| Complete 
|  22|0x0000000082800000, 0x0000000082900000, 0x0000000082900000|100%| O|  |TAMS 0x0000000082900000, 0x0000000082800000| Complete 
|  23|0x0000000082900000, 0x0000000082a00000, 0x0000000082a00000|100%| O|  |TAMS 0x0000000082a00000, 0x0000000082900000| Untracked 
|  24|0x0000000082a00000, 0x0000000082b00000, 0x0000000082b00000|100%| O|  |TAMS 0x0000000082b00000, 0x0000000082a00000| Untracked 
|  25|0x0000000082b00000, 0x0000000082c00000, 0x0000000082c00000|100%| O|  |TAMS 0x0000000082c00000, 0x0000000082b00000| Untracked 
|  26|0x0000000082c00000, 0x0000000082d00000, 0x0000000082d00000|100%| O|  |TAMS 0x0000000082d00000, 0x0000000082c00000| Untracked 
|  27|0x0000000082d00000, 0x0000000082e00000, 0x0000000082e00000|100%| O|  |TAMS 0x0000000082e00000, 0x0000000082d00000| Complete 
|  28|0x0000000082e00000, 0x0000000082f00000, 0x0000000082f00000|100%| O|  |TAMS 0x0000000082f00000, 0x0000000082e00000| Untracked 
|  29|0x0000000082f00000, 0x0000000083000000, 0x0000000083000000|100%| O|  |TAMS 0x0000000083000000, 0x0000000082f00000| Untracked 
|  30|0x0000000083000000, 0x0000000083100000, 0x0000000083100000|100%| O|  |TAMS 0x0000000083100000, 0x0000000083000000| Untracked 
|  31|0x0000000083100000, 0x0000000083200000, 0x0000000083200000|100%| O|  |TAMS 0x0000000083200000, 0x0000000083100000| Complete 
|  32|0x0000000083200000, 0x0000000083300000, 0x0000000083300000|100%| O|  |TAMS 0x0000000083300000, 0x0000000083200000| Complete 
|  33|0x0000000083300000, 0x0000000083400000, 0x0000000083400000|100%| O|  |TAMS 0x0000000083400000, 0x0000000083300000| Complete 
|  34|0x0000000083400000, 0x0000000083400000, 0x0000000083500000|  0%| F|  |TAMS 0x0000000083400000, 0x0000000083400000| Untracked 
|  35|0x0000000083500000, 0x0000000083600000, 0x0000000083600000|100%| O|  |TAMS 0x0000000083600000, 0x0000000083500000| Complete 
|  36|0x0000000083600000, 0x0000000083700000, 0x0000000083700000|100%| O|  |TAMS 0x0000000083700000, 0x0000000083600000| Complete 
|  37|0x0000000083700000, 0x0000000083800000, 0x0000000083800000|100%| O|  |TAMS 0x0000000083800000, 0x0000000083700000| Untracked 
|  38|0x0000000083800000, 0x0000000083900000, 0x0000000083900000|100%| O|  |TAMS 0x0000000083900000, 0x0000000083800000| Untracked 
|  39|0x0000000083900000, 0x0000000083a00000, 0x0000000083a00000|100%| O|  |TAMS 0x0000000083a00000, 0x0000000083900000| Untracked 
|  40|0x0000000083a00000, 0x0000000083b00000, 0x0000000083b00000|100%| O|  |TAMS 0x0000000083b00000, 0x0000000083a00000| Untracked 
|  41|0x0000000083b00000, 0x0000000083c00000, 0x0000000083c00000|100%| O|  |TAMS 0x0000000083c00000, 0x0000000083b00000| Untracked 
|  42|0x0000000083c00000, 0x0000000083d00000, 0x0000000083d00000|100%| O|  |TAMS 0x0000000083d00000, 0x0000000083c00000| Untracked 
|  43|0x0000000083d00000, 0x0000000083e00000, 0x0000000083e00000|100%| O|  |TAMS 0x0000000083e00000, 0x0000000083d00000| Complete 
|  44|0x0000000083e00000, 0x0000000083f00000, 0x0000000083f00000|100%| O|  |TAMS 0x0000000083f00000, 0x0000000083e00000| Complete 
|  45|0x0000000083f00000, 0x0000000084000000, 0x0000000084000000|100%|HS|  |TAMS 0x0000000084000000, 0x0000000083f00000| Complete 
|  46|0x0000000084000000, 0x0000000084100000, 0x0000000084100000|100%|HC|  |TAMS 0x0000000084100000, 0x0000000084000000| Complete 
|  47|0x0000000084100000, 0x0000000084200000, 0x0000000084200000|100%| O|  |TAMS 0x0000000084200000, 0x0000000084100000| Untracked 
|  48|0x0000000084200000, 0x0000000084300000, 0x0000000084300000|100%| O|  |TAMS 0x0000000084300000, 0x0000000084200000| Untracked 
|  49|0x0000000084300000, 0x0000000084400000, 0x0000000084400000|100%| O|  |TAMS 0x0000000084400000, 0x0000000084300000| Untracked 
|  50|0x0000000084400000, 0x0000000084500000, 0x0000000084500000|100%| O|  |TAMS 0x0000000084500000, 0x0000000084400000| Untracked 
|  51|0x0000000084500000, 0x0000000084600000, 0x0000000084600000|100%| O|  |TAMS 0x0000000084600000, 0x0000000084500000| Untracked 
|  52|0x0000000084600000, 0x0000000084700000, 0x0000000084700000|100%| O|  |TAMS 0x0000000084700000, 0x0000000084600000| Untracked 
|  53|0x0000000084700000, 0x0000000084800000, 0x0000000084800000|100%| O|  |TAMS 0x0000000084800000, 0x0000000084700000| Untracked 
|  54|0x0000000084800000, 0x0000000084900000, 0x0000000084900000|100%| O|  |TAMS 0x0000000084900000, 0x0000000084800000| Complete 
|  55|0x0000000084900000, 0x0000000084a00000, 0x0000000084a00000|100%| O|  |TAMS 0x0000000084a00000, 0x0000000084900000| Complete 
|  56|0x0000000084a00000, 0x0000000084b00000, 0x0000000084b00000|100%| O|  |TAMS 0x0000000084b00000, 0x0000000084a00000| Untracked 
|  57|0x0000000084b00000, 0x0000000084c00000, 0x0000000084c00000|100%| O|  |TAMS 0x0000000084c00000, 0x0000000084b00000| Untracked 
|  58|0x0000000084c00000, 0x0000000084d00000, 0x0000000084d00000|100%| O|  |TAMS 0x0000000084d00000, 0x0000000084c00000| Untracked 
|  59|0x0000000084d00000, 0x0000000084e00000, 0x0000000084e00000|100%| O|  |TAMS 0x0000000084e00000, 0x0000000084d00000| Complete 
|  60|0x0000000084e00000, 0x0000000084f00000, 0x0000000084f00000|100%| O|  |TAMS 0x0000000084e80000, 0x0000000084e00000| Untracked 
|  61|0x0000000084f00000, 0x0000000085000000, 0x0000000085000000|100%| O|  |TAMS 0x0000000084f00000, 0x0000000084f00000| Untracked 
|  62|0x0000000085000000, 0x0000000085100000, 0x0000000085100000|100%| O|  |TAMS 0x0000000085000000, 0x0000000085000000| Untracked 
|  63|0x0000000085100000, 0x0000000085200000, 0x0000000085200000|100%| O|  |TAMS 0x0000000085100000, 0x0000000085100000| Untracked 
|  64|0x0000000085200000, 0x0000000085300000, 0x0000000085300000|100%| O|  |TAMS 0x0000000085200000, 0x0000000085200000| Untracked 
|  65|0x0000000085300000, 0x0000000085400000, 0x0000000085400000|100%| O|  |TAMS 0x0000000085300000, 0x0000000085300000| Untracked 
|  66|0x0000000085400000, 0x0000000085500000, 0x0000000085500000|100%| O|  |TAMS 0x0000000085400000, 0x0000000085400000| Untracked 
|  67|0x0000000085500000, 0x0000000085600000, 0x0000000085600000|100%| O|  |TAMS 0x0000000085500000, 0x0000000085500000| Untracked 
|  68|0x0000000085600000, 0x0000000085700000, 0x0000000085700000|100%| O|  |TAMS 0x0000000085600000, 0x0000000085600000| Untracked 
|  69|0x0000000085700000, 0x0000000085800000, 0x0000000085800000|100%| O|  |TAMS 0x0000000085700000, 0x0000000085700000| Untracked 
|  70|0x0000000085800000, 0x0000000085900000, 0x0000000085900000|100%| O|  |TAMS 0x0000000085800000, 0x0000000085800000| Untracked 
|  71|0x0000000085900000, 0x0000000085a00000, 0x0000000085a00000|100%| O|  |TAMS 0x0000000085900000, 0x0000000085900000| Untracked 
|  72|0x0000000085a00000, 0x0000000085b00000, 0x0000000085b00000|100%| O|  |TAMS 0x0000000085a00000, 0x0000000085a00000| Untracked 
|  73|0x0000000085b00000, 0x0000000085b00000, 0x0000000085c00000|  0%| F|  |TAMS 0x0000000085b00000, 0x0000000085b00000| Untracked 
|  74|0x0000000085c00000, 0x0000000085c00000, 0x0000000085d00000|  0%| F|  |TAMS 0x0000000085c00000, 0x0000000085c00000| Untracked 
|  75|0x0000000085d00000, 0x0000000085d00000, 0x0000000085e00000|  0%| F|  |TAMS 0x0000000085d00000, 0x0000000085d00000| Untracked 
|  76|0x0000000085e00000, 0x0000000085e00000, 0x0000000085f00000|  0%| F|  |TAMS 0x0000000085e00000, 0x0000000085e00000| Untracked 
|  77|0x0000000085f00000, 0x0000000085f00000, 0x0000000086000000|  0%| F|  |TAMS 0x0000000085f00000, 0x0000000085f00000| Untracked 
|  78|0x0000000086000000, 0x0000000086000000, 0x0000000086100000|  0%| F|  |TAMS 0x0000000086000000, 0x0000000086000000| Untracked 
|  79|0x0000000086100000, 0x0000000086100000, 0x0000000086200000|  0%| F|  |TAMS 0x0000000086100000, 0x0000000086100000| Untracked 
|  80|0x0000000086200000, 0x0000000086200000, 0x0000000086300000|  0%| F|  |TAMS 0x0000000086200000, 0x0000000086200000| Untracked 
|  81|0x0000000086300000, 0x0000000086300000, 0x0000000086400000|  0%| F|  |TAMS 0x0000000086300000, 0x0000000086300000| Untracked 
|  82|0x0000000086400000, 0x0000000086400000, 0x0000000086500000|  0%| F|  |TAMS 0x0000000086400000, 0x0000000086400000| Untracked 
|  83|0x0000000086500000, 0x0000000086500000, 0x0000000086600000|  0%| F|  |TAMS 0x0000000086500000, 0x0000000086500000| Untracked 
|  84|0x0000000086600000, 0x0000000086600000, 0x0000000086700000|  0%| F|  |TAMS 0x0000000086600000, 0x0000000086600000| Untracked 
|  85|0x0000000086700000, 0x0000000086700000, 0x0000000086800000|  0%| F|  |TAMS 0x0000000086700000, 0x0000000086700000| Untracked 
|  86|0x0000000086800000, 0x0000000086800000, 0x0000000086900000|  0%| F|  |TAMS 0x0000000086800000, 0x0000000086800000| Untracked 
|  87|0x0000000086900000, 0x0000000086900000, 0x0000000086a00000|  0%| F|  |TAMS 0x0000000086900000, 0x0000000086900000| Untracked 
|  88|0x0000000086a00000, 0x0000000086a00000, 0x0000000086b00000|  0%| F|  |TAMS 0x0000000086a00000, 0x0000000086a00000| Untracked 
|  89|0x0000000086b00000, 0x0000000086b00000, 0x0000000086c00000|  0%| F|  |TAMS 0x0000000086b00000, 0x0000000086b00000| Untracked 
|  90|0x0000000086c00000, 0x0000000086c00000, 0x0000000086d00000|  0%| F|  |TAMS 0x0000000086c00000, 0x0000000086c00000| Untracked 
|  91|0x0000000086d00000, 0x0000000086d00000, 0x0000000086e00000|  0%| F|  |TAMS 0x0000000086d00000, 0x0000000086d00000| Untracked 
|  92|0x0000000086e00000, 0x0000000086e00000, 0x0000000086f00000|  0%| F|  |TAMS 0x0000000086e00000, 0x0000000086e00000| Untracked 
|  93|0x0000000086f00000, 0x0000000086f00000, 0x0000000087000000|  0%| F|  |TAMS 0x0000000086f00000, 0x0000000086f00000| Untracked 
|  94|0x0000000087000000, 0x0000000087000000, 0x0000000087100000|  0%| F|  |TAMS 0x0000000087000000, 0x0000000087000000| Untracked 
|  95|0x0000000087100000, 0x0000000087100000, 0x0000000087200000|  0%| F|  |TAMS 0x0000000087100000, 0x0000000087100000| Untracked 
|  96|0x0000000087200000, 0x0000000087200000, 0x0000000087300000|  0%| F|  |TAMS 0x0000000087200000, 0x0000000087200000| Untracked 
|  97|0x0000000087300000, 0x0000000087300000, 0x0000000087400000|  0%| F|  |TAMS 0x0000000087300000, 0x0000000087300000| Untracked 
|  98|0x0000000087400000, 0x0000000087400000, 0x0000000087500000|  0%| F|  |TAMS 0x0000000087400000, 0x0000000087400000| Untracked 
|  99|0x0000000087500000, 0x0000000087500000, 0x0000000087600000|  0%| F|  |TAMS 0x0000000087500000, 0x0000000087500000| Untracked 
| 100|0x0000000087600000, 0x0000000087600000, 0x0000000087700000|  0%| F|  |TAMS 0x0000000087600000, 0x0000000087600000| Untracked 
| 101|0x0000000087700000, 0x0000000087700000, 0x0000000087800000|  0%| F|  |TAMS 0x0000000087700000, 0x0000000087700000| Untracked 
| 102|0x0000000087800000, 0x0000000087800000, 0x0000000087900000|  0%| F|  |TAMS 0x0000000087800000, 0x0000000087800000| Untracked 
| 103|0x0000000087900000, 0x0000000087900000, 0x0000000087a00000|  0%| F|  |TAMS 0x0000000087900000, 0x0000000087900000| Untracked 
| 104|0x0000000087a00000, 0x0000000087a00000, 0x0000000087b00000|  0%| F|  |TAMS 0x0000000087a00000, 0x0000000087a00000| Untracked 
| 105|0x0000000087b00000, 0x0000000087b00000, 0x0000000087c00000|  0%| F|  |TAMS 0x0000000087b00000, 0x0000000087b00000| Untracked 
| 106|0x0000000087c00000, 0x0000000087c00000, 0x0000000087d00000|  0%| F|  |TAMS 0x0000000087c00000, 0x0000000087c00000| Untracked 
| 107|0x0000000087d00000, 0x0000000087d00000, 0x0000000087e00000|  0%| F|  |TAMS 0x0000000087d00000, 0x0000000087d00000| Untracked 
| 108|0x0000000087e00000, 0x0000000087e00000, 0x0000000087f00000|  0%| F|  |TAMS 0x0000000087e00000, 0x0000000087e00000| Untracked 
| 109|0x0000000087f00000, 0x0000000087f00000, 0x0000000088000000|  0%| F|  |TAMS 0x0000000087f00000, 0x0000000087f00000| Untracked 
| 110|0x0000000088000000, 0x0000000088000000, 0x0000000088100000|  0%| F|  |TAMS 0x0000000088000000, 0x0000000088000000| Untracked 
| 111|0x0000000088100000, 0x0000000088100000, 0x0000000088200000|  0%| F|  |TAMS 0x0000000088100000, 0x0000000088100000| Untracked 
| 112|0x0000000088200000, 0x0000000088200000, 0x0000000088300000|  0%| F|  |TAMS 0x0000000088200000, 0x0000000088200000| Untracked 
| 113|0x0000000088300000, 0x0000000088300000, 0x0000000088400000|  0%| F|  |TAMS 0x0000000088300000, 0x0000000088300000| Untracked 
| 114|0x0000000088400000, 0x0000000088400000, 0x0000000088500000|  0%| F|  |TAMS 0x0000000088400000, 0x0000000088400000| Untracked 
| 115|0x0000000088500000, 0x0000000088500000, 0x0000000088600000|  0%| F|  |TAMS 0x0000000088500000, 0x0000000088500000| Untracked 
| 116|0x0000000088600000, 0x0000000088600000, 0x0000000088700000|  0%| F|  |TAMS 0x0000000088600000, 0x0000000088600000| Untracked 
| 117|0x0000000088700000, 0x0000000088700000, 0x0000000088800000|  0%| F|  |TAMS 0x0000000088700000, 0x0000000088700000| Untracked 
| 118|0x0000000088800000, 0x0000000088800000, 0x0000000088900000|  0%| F|  |TAMS 0x0000000088800000, 0x0000000088800000| Untracked 
| 119|0x0000000088900000, 0x0000000088900000, 0x0000000088a00000|  0%| F|  |TAMS 0x0000000088900000, 0x0000000088900000| Untracked 
| 120|0x0000000088a00000, 0x0000000088a00000, 0x0000000088b00000|  0%| F|  |TAMS 0x0000000088a00000, 0x0000000088a00000| Untracked 
| 121|0x0000000088b00000, 0x0000000088b00000, 0x0000000088c00000|  0%| F|  |TAMS 0x0000000088b00000, 0x0000000088b00000| Untracked 
| 122|0x0000000088c00000, 0x0000000088c00000, 0x0000000088d00000|  0%| F|  |TAMS 0x0000000088c00000, 0x0000000088c00000| Untracked 
| 123|0x0000000088d00000, 0x0000000088d00000, 0x0000000088e00000|  0%| F|  |TAMS 0x0000000088d00000, 0x0000000088d00000| Untracked 
| 124|0x0000000088e00000, 0x0000000088e00000, 0x0000000088f00000|  0%| F|  |TAMS 0x0000000088e00000, 0x0000000088e00000| Untracked 
| 125|0x0000000088f00000, 0x0000000088f00000, 0x0000000089000000|  0%| F|  |TAMS 0x0000000088f00000, 0x0000000088f00000| Untracked 
| 126|0x0000000089000000, 0x0000000089000000, 0x0000000089100000|  0%| F|  |TAMS 0x0000000089000000, 0x0000000089000000| Untracked 
| 127|0x0000000089100000, 0x0000000089100000, 0x0000000089200000|  0%| F|  |TAMS 0x0000000089100000, 0x0000000089100000| Untracked 
| 128|0x0000000089200000, 0x0000000089200000, 0x0000000089300000|  0%| F|  |TAMS 0x0000000089200000, 0x0000000089200000| Untracked 
| 129|0x0000000089300000, 0x0000000089300000, 0x0000000089400000|  0%| F|  |TAMS 0x0000000089300000, 0x0000000089300000| Untracked 
| 130|0x0000000089400000, 0x0000000089400000, 0x0000000089500000|  0%| F|  |TAMS 0x0000000089400000, 0x0000000089400000| Untracked 
| 131|0x0000000089500000, 0x0000000089500000, 0x0000000089600000|  0%| F|  |TAMS 0x0000000089500000, 0x0000000089500000| Untracked 
| 132|0x0000000089600000, 0x0000000089600000, 0x0000000089700000|  0%| F|  |TAMS 0x0000000089600000, 0x0000000089600000| Untracked 
| 133|0x0000000089700000, 0x0000000089700000, 0x0000000089800000|  0%| F|  |TAMS 0x0000000089700000, 0x0000000089700000| Untracked 
| 134|0x0000000089800000, 0x0000000089800000, 0x0000000089900000|  0%| F|  |TAMS 0x0000000089800000, 0x0000000089800000| Untracked 
| 135|0x0000000089900000, 0x0000000089900000, 0x0000000089a00000|  0%| F|  |TAMS 0x0000000089900000, 0x0000000089900000| Untracked 
| 136|0x0000000089a00000, 0x0000000089a00000, 0x0000000089b00000|  0%| F|  |TAMS 0x0000000089a00000, 0x0000000089a00000| Untracked 
| 137|0x0000000089b00000, 0x0000000089b00000, 0x0000000089c00000|  0%| F|  |TAMS 0x0000000089b00000, 0x0000000089b00000| Untracked 
| 138|0x0000000089c00000, 0x0000000089c00000, 0x0000000089d00000|  0%| F|  |TAMS 0x0000000089c00000, 0x0000000089c00000| Untracked 
| 139|0x0000000089d00000, 0x0000000089d00000, 0x0000000089e00000|  0%| F|  |TAMS 0x0000000089d00000, 0x0000000089d00000| Untracked 
| 140|0x0000000089e00000, 0x0000000089e00000, 0x0000000089f00000|  0%| F|  |TAMS 0x0000000089e00000, 0x0000000089e00000| Untracked 
| 141|0x0000000089f00000, 0x0000000089f00000, 0x000000008a000000|  0%| F|  |TAMS 0x0000000089f00000, 0x0000000089f00000| Untracked 
| 142|0x000000008a000000, 0x000000008a000000, 0x000000008a100000|  0%| F|  |TAMS 0x000000008a000000, 0x000000008a000000| Untracked 
| 143|0x000000008a100000, 0x000000008a100000, 0x000000008a200000|  0%| F|  |TAMS 0x000000008a100000, 0x000000008a100000| Untracked 
| 144|0x000000008a200000, 0x000000008a200000, 0x000000008a300000|  0%| F|  |TAMS 0x000000008a200000, 0x000000008a200000| Untracked 
| 145|0x000000008a300000, 0x000000008a300000, 0x000000008a400000|  0%| F|  |TAMS 0x000000008a300000, 0x000000008a300000| Untracked 
| 146|0x000000008a400000, 0x000000008a400000, 0x000000008a500000|  0%| F|  |TAMS 0x000000008a400000, 0x000000008a400000| Untracked 
| 147|0x000000008a500000, 0x000000008a500000, 0x000000008a600000|  0%| F|  |TAMS 0x000000008a500000, 0x000000008a500000| Untracked 
| 148|0x000000008a600000, 0x000000008a600000, 0x000000008a700000|  0%| F|  |TAMS 0x000000008a600000, 0x000000008a600000| Untracked 
| 149|0x000000008a700000, 0x000000008a700000, 0x000000008a800000|  0%| F|  |TAMS 0x000000008a700000, 0x000000008a700000| Untracked 
| 150|0x000000008a800000, 0x000000008a800000, 0x000000008a900000|  0%| F|  |TAMS 0x000000008a800000, 0x000000008a800000| Untracked 
| 151|0x000000008a900000, 0x000000008a900000, 0x000000008aa00000|  0%| F|  |TAMS 0x000000008a900000, 0x000000008a900000| Untracked 
| 152|0x000000008aa00000, 0x000000008ab00000, 0x000000008ab00000|100%| S|CS|TAMS 0x000000008aa00000, 0x000000008aa00000| Complete 
| 153|0x000000008ab00000, 0x000000008ab00000, 0x000000008ac00000|  0%| F|  |TAMS 0x000000008ab00000, 0x000000008ab00000| Untracked 

Card table byte_map: [0x0000029e7c690000,0x0000029e7ca90000] _byte_map_base: 0x0000029e7c287000

Marking Bits (Prev, Next): (CMBitMap*) 0x0000029e691989c0, (CMBitMap*) 0x0000029e69198988
 Prev Bits: [0x0000029e00000000, 0x0000029e01fb8000)
 Next Bits: [0x0000029e7ce90000, 0x0000029e7ee48000)

Polling page: 0x0000029e67910000

Metaspace:

Usage:
  Non-class:     52.58 MB capacity,    52.16 MB (>99%) used,   333.58 KB ( <1%) free+waste,    98.38 KB ( <1%) overhead. 
      Class:      6.75 MB capacity,     6.45 MB ( 96%) used,   266.45 KB (  4%) free+waste,    43.06 KB ( <1%) overhead. 
       Both:     59.33 MB capacity,    58.61 MB ( 99%) used,   600.03 KB ( <1%) free+waste,   141.44 KB ( <1%) overhead. 

Virtual space:
  Non-class space:       54.00 MB reserved,      52.75 MB ( 98%) committed 
      Class space:        1.00 GB reserved,       6.88 MB ( <1%) committed 
             Both:        1.05 GB reserved,      59.63 MB (  6%) committed 

Chunk freelists:
   Non-Class:  46.00 KB
       Class:  0 bytes
        Both:  46.00 KB

MaxMetaspaceSize: 17179869184.00 GB
CompressedClassSpaceSize: 1.00 GB
Initial GC threshold: 20.80 MB
Current GC threshold: 98.34 MB
CDS: off

CodeHeap 'non-profiled nmethods': size=120064Kb used=4039Kb max_used=4039Kb free=116024Kb
 bounds [0x0000029e74730000, 0x0000029e74b30000, 0x0000029e7bc70000]
CodeHeap 'profiled nmethods': size=120000Kb used=23868Kb max_used=23868Kb free=96131Kb
 bounds [0x0000029e6d200000, 0x0000029e6e950000, 0x0000029e74730000]
CodeHeap 'non-nmethods': size=5696Kb used=1294Kb max_used=1324Kb free=4401Kb
 bounds [0x0000029e6cc70000, 0x0000029e6cee0000, 0x0000029e6d200000]
 total_blobs=9066 nmethods=8488 adapters=489
 compilation: enabled
              stopped_count=0, restarted_count=0
 full_count=0

Compilation events (20 events):
Event: 52.380 Thread 0x0000029e7f46b000 8602       3       org.jetbrains.kotlin.com.intellij.util.containers.IntArrayList::isEmpty (13 bytes)
Event: 52.381 Thread 0x0000029e7f46b000 nmethod 8602 0x0000029e6e94dd10 code [0x0000029e6e94dec0, 0x0000029e6e94e018]
Event: 52.539 Thread 0x0000029e7f467800 nmethod 8586 0x0000029e74b1a090 code [0x0000029e74b1a600, 0x0000029e74b1d388]
Event: 52.540 Thread 0x0000029e7f467800 8603 %     4       org.jetbrains.org.objectweb.asm.ClassReader::<init> @ 76 (339 bytes)
Event: 52.569 Thread 0x0000029e7f467800 nmethod 8603% 0x0000029e74b1f810 code [0x0000029e74b1f9c0, 0x0000029e74b1ffa8]
Event: 52.569 Thread 0x0000029e7f467800 8588       4       org.jetbrains.kotlin.name.ClassId::<init> (90 bytes)
Event: 52.575 Thread 0x0000029e7f467800 nmethod 8588 0x0000029e74b20290 code [0x0000029e74b20420, 0x0000029e74b20658]
Event: 52.575 Thread 0x0000029e7f467800 8585       4       org.jetbrains.kotlin.types.DelegatingSimpleType::getArguments (8 bytes)
Event: 52.578 Thread 0x0000029e7f467800 nmethod 8585 0x0000029e74b20710 code [0x0000029e74b208c0, 0x0000029e74b209b8]
Event: 52.578 Thread 0x0000029e7f467800 8582       4       org.jetbrains.kotlin.resolve.InlineClassesUtilsKt::isInlineClass (43 bytes)
Event: 52.583 Thread 0x0000029e7f467800 nmethod 8582 0x0000029e74b20b10 code [0x0000029e74b20cc0, 0x0000029e74b20e98]
Event: 52.686 Thread 0x0000029e7f46b000 8604       3       org.jetbrains.kotlin.descriptors.impl.FunctionDescriptorImpl::getOverriddenDescriptors (31 bytes)
Event: 52.686 Thread 0x0000029e7f467800 8605       4       org.jetbrains.kotlin.load.java.descriptors.JavaMethodDescriptor$ParameterNamesStatus::get (42 bytes)
Event: 52.687 Thread 0x0000029e7f46b000 nmethod 8604 0x0000029e6e94e090 code [0x0000029e6e94e280, 0x0000029e6e94e7d8]
Event: 52.687 Thread 0x0000029e7f467800 nmethod 8605 0x0000029e74b21010 code [0x0000029e74b211a0, 0x0000029e74b21218]
Event: 52.692 Thread 0x0000029e7f467800 8606       4       org.jetbrains.kotlin.resolve.OverridingUtil$5::invoke (9 bytes)
Event: 52.706 Thread 0x0000029e7f46b000 8611       3       org.jetbrains.kotlin.name.FqNameUnsafe::topLevel (28 bytes)
Event: 52.707 Thread 0x0000029e7f46b000 nmethod 8611 0x0000029e6e94e910 code [0x0000029e6e94eb20, 0x0000029e6e94f0f8]
Event: 52.710 Thread 0x0000029e7f467800 nmethod 8606 0x0000029e74b21310 code [0x0000029e74b21500, 0x0000029e74b21978]
Event: 52.710 Thread 0x0000029e7f467800 8610       4       org.jetbrains.kotlin.util.Checks::isApplicable (103 bytes)

GC Heap History (20 events):
Event: 2.192 GC heap after
{Heap after GC invocations=1 (full 0):
 garbage-first heap   total 131072K, used 5422K [0x0000000081200000, 0x0000000100000000)
  region size 1024K, 2 young (2048K), 2 survivors (2048K)
 Metaspace       used 9793K, capacity 9938K, committed 10112K, reserved 1058816K
  class space    used 834K, capacity 885K, committed 896K, reserved 1048576K
}
Event: 6.179 GC heap before
{Heap before GC invocations=1 (full 0):
 garbage-first heap   total 131072K, used 52526K [0x0000000081200000, 0x0000000100000000)
  region size 1024K, 49 young (50176K), 2 survivors (2048K)
 Metaspace       used 20970K, capacity 21222K, committed 21248K, reserved 1069056K
  class space    used 2212K, capacity 2293K, committed 2304K, reserved 1048576K
}
Event: 6.206 GC heap after
{Heap after GC invocations=2 (full 0):
 garbage-first heap   total 131072K, used 9201K [0x0000000081200000, 0x0000000100000000)
  region size 1024K, 6 young (6144K), 6 survivors (6144K)
 Metaspace       used 20970K, capacity 21222K, committed 21248K, reserved 1069056K
  class space    used 2212K, capacity 2293K, committed 2304K, reserved 1048576K
}
Event: 10.483 GC heap before
{Heap before GC invocations=3 (full 0):
 garbage-first heap   total 131072K, used 50161K [0x0000000081200000, 0x0000000100000000)
  region size 1024K, 43 young (44032K), 6 survivors (6144K)
 Metaspace       used 31268K, capacity 31817K, committed 32128K, reserved 1077248K
  class space    used 3672K, capacity 3879K, committed 3968K, reserved 1048576K
}
Event: 10.523 GC heap after
{Heap after GC invocations=4 (full 0):
 garbage-first heap   total 131072K, used 16236K [0x0000000081200000, 0x0000000100000000)
  region size 1024K, 4 young (4096K), 4 survivors (4096K)
 Metaspace       used 31268K, capacity 31817K, committed 32128K, reserved 1077248K
  class space    used 3672K, capacity 3879K, committed 3968K, reserved 1048576K
}
Event: 13.232 GC heap before
{Heap before GC invocations=4 (full 0):
 garbage-first heap   total 131072K, used 60268K [0x0000000081200000, 0x0000000100000000)
  region size 1024K, 43 young (44032K), 4 survivors (4096K)
 Metaspace       used 35072K, capacity 35572K, committed 35840K, reserved 1081344K
  class space    used 4284K, capacity 4489K, committed 4608K, reserved 1048576K
}
Event: 13.330 GC heap after
{Heap after GC invocations=5 (full 0):
 garbage-first heap   total 131072K, used 28050K [0x0000000081200000, 0x0000000100000000)
  region size 1024K, 7 young (7168K), 7 survivors (7168K)
 Metaspace       used 35072K, capacity 35572K, committed 35840K, reserved 1081344K
  class space    used 4284K, capacity 4489K, committed 4608K, reserved 1048576K
}
Event: 16.521 GC heap before
{Heap before GC invocations=6 (full 0):
 garbage-first heap   total 131072K, used 73106K [0x0000000081200000, 0x0000000100000000)
  region size 1024K, 51 young (52224K), 7 survivors (7168K)
 Metaspace       used 43254K, capacity 43793K, committed 44032K, reserved 1087488K
  class space    used 5107K, capacity 5306K, committed 5376K, reserved 1048576K
}
Event: 16.564 GC heap after
{Heap after GC invocations=7 (full 0):
 garbage-first heap   total 131072K, used 30268K [0x0000000081200000, 0x0000000100000000)
  region size 1024K, 5 young (5120K), 5 survivors (5120K)
 Metaspace       used 43254K, capacity 43793K, committed 44032K, reserved 1087488K
  class space    used 5107K, capacity 5306K, committed 5376K, reserved 1048576K
}
Event: 22.628 GC heap before
{Heap before GC invocations=7 (full 0):
 garbage-first heap   total 131072K, used 84540K [0x0000000081200000, 0x0000000100000000)
  region size 1024K, 55 young (56320K), 5 survivors (5120K)
 Metaspace       used 48485K, capacity 49073K, committed 49152K, reserved 1093632K
  class space    used 5642K, capacity 5867K, committed 5888K, reserved 1048576K
}
Event: 22.695 GC heap after
{Heap after GC invocations=8 (full 0):
 garbage-first heap   total 157696K, used 44032K [0x0000000081200000, 0x0000000100000000)
  region size 1024K, 7 young (7168K), 7 survivors (7168K)
 Metaspace       used 48485K, capacity 49073K, committed 49152K, reserved 1093632K
  class space    used 5642K, capacity 5867K, committed 5888K, reserved 1048576K
}
Event: 31.159 GC heap before
{Heap before GC invocations=8 (full 0):
 garbage-first heap   total 157696K, used 101376K [0x0000000081200000, 0x0000000100000000)
  region size 1024K, 63 young (64512K), 7 survivors (7168K)
 Metaspace       used 52825K, capacity 53522K, committed 53632K, reserved 1097728K
  class space    used 5975K, capacity 6218K, committed 6272K, reserved 1048576K
}
Event: 31.242 GC heap after
{Heap after GC invocations=9 (full 0):
 garbage-first heap   total 157696K, used 53760K [0x0000000081200000, 0x0000000100000000)
  region size 1024K, 8 young (8192K), 8 survivors (8192K)
 Metaspace       used 52825K, capacity 53522K, committed 53632K, reserved 1097728K
  class space    used 5975K, capacity 6218K, committed 6272K, reserved 1048576K
}
Event: 41.779 GC heap before
{Heap before GC invocations=9 (full 0):
 garbage-first heap   total 157696K, used 85504K [0x0000000081200000, 0x0000000100000000)
  region size 1024K, 37 young (37888K), 8 survivors (8192K)
 Metaspace       used 57740K, capacity 58457K, committed 58752K, reserved 1101824K
  class space    used 6424K, capacity 6703K, committed 6784K, reserved 1048576K
}
Event: 41.851 GC heap after
{Heap after GC invocations=10 (full 0):
 garbage-first heap   total 157696K, used 61436K [0x0000000081200000, 0x0000000100000000)
  region size 1024K, 5 young (5120K), 5 survivors (5120K)
 Metaspace       used 57740K, capacity 58457K, committed 58752K, reserved 1101824K
  class space    used 6424K, capacity 6703K, committed 6784K, reserved 1048576K
}
Event: 46.819 GC heap before
{Heap before GC invocations=10 (full 0):
 garbage-first heap   total 157696K, used 78844K [0x0000000081200000, 0x0000000100000000)
  region size 1024K, 23 young (23552K), 5 survivors (5120K)
 Metaspace       used 59334K, capacity 60041K, committed 60160K, reserved 1101824K
  class space    used 6575K, capacity 6848K, committed 6912K, reserved 1048576K
}
Event: 46.871 GC heap after
{Heap after GC invocations=11 (full 0):
 garbage-first heap   total 157696K, used 66048K [0x0000000081200000, 0x0000000100000000)
  region size 1024K, 4 young (4096K), 4 survivors (4096K)
 Metaspace       used 59334K, capacity 60041K, committed 60160K, reserved 1101824K
  class space    used 6575K, capacity 6848K, committed 6912K, reserved 1048576K
}
Event: 52.606 GC heap before
{Heap before GC invocations=12 (full 0):
 garbage-first heap   total 157696K, used 110080K [0x0000000081200000, 0x0000000100000000)
  region size 1024K, 47 young (48128K), 4 survivors (4096K)
 Metaspace       used 60016K, capacity 60758K, committed 61056K, reserved 1103872K
  class space    used 6606K, capacity 6916K, committed 7040K, reserved 1048576K
}
Event: 52.675 GC heap after
{Heap after GC invocations=13 (full 0):
 garbage-first heap   total 157696K, used 74046K [0x0000000081200000, 0x0000000100000000)
  region size 1024K, 6 young (6144K), 6 survivors (6144K)
 Metaspace       used 60016K, capacity 60758K, committed 61056K, reserved 1103872K
  class space    used 6606K, capacity 6916K, committed 7040K, reserved 1048576K
}
Event: 52.769 GC heap before
{Heap before GC invocations=13 (full 0):
 garbage-first heap   total 157696K, used 75070K [0x0000000081200000, 0x0000000100000000)
  region size 1024K, 7 young (7168K), 6 survivors (6144K)
 Metaspace       used 60016K, capacity 60758K, committed 61056K, reserved 1103872K
  class space    used 6606K, capacity 6916K, committed 7040K, reserved 1048576K
}

Deoptimization events (20 events):
Event: 51.075 Thread 0x0000029e69159800 DEOPT PACKING pc=0x0000029e6e8be7e7 sp=0x000000ed8f2fd7e0
Event: 51.075 Thread 0x0000029e69159800 DEOPT UNPACKING pc=0x0000029e6ccba93f sp=0x000000ed8f2fcc88 mode 0
Event: 51.291 Thread 0x0000029e69159800 Uncommon trap: trap_request=0xffffff4d fr.pc=0x0000029e74ae68bc relative=0x000000000000035c
Event: 51.291 Thread 0x0000029e69159800 Uncommon trap: reason=unstable_if action=reinterpret pc=0x0000029e74ae68bc method=org.jetbrains.kotlin.types.TypeSubstitutor.substitute(Lorg/jetbrains/kotlin/types/TypeProjection;)Lorg/jetbrains/kotlin/types/TypeProjection; @ 32 c2
Event: 51.291 Thread 0x0000029e69159800 DEOPT PACKING pc=0x0000029e74ae68bc sp=0x000000ed8f2fdd40
Event: 51.291 Thread 0x0000029e69159800 DEOPT UNPACKING pc=0x0000029e6ccba1a9 sp=0x000000ed8f2fdc90 mode 2
Event: 51.292 Thread 0x0000029e69159800 Uncommon trap: trap_request=0xffffff4d fr.pc=0x0000029e74acd5b0 relative=0x00000000000000f0
Event: 51.292 Thread 0x0000029e69159800 Uncommon trap: reason=unstable_if action=reinterpret pc=0x0000029e74acd5b0 method=org.jetbrains.kotlin.types.TypeSubstitutor.substitute(Lorg/jetbrains/kotlin/types/TypeProjection;)Lorg/jetbrains/kotlin/types/TypeProjection; @ 32 c2
Event: 51.292 Thread 0x0000029e69159800 DEOPT PACKING pc=0x0000029e74acd5b0 sp=0x000000ed8f2fdbd0
Event: 51.292 Thread 0x0000029e69159800 DEOPT UNPACKING pc=0x0000029e6ccba1a9 sp=0x000000ed8f2fdb68 mode 2
Event: 51.350 Thread 0x0000029e69159800 DEOPT PACKING pc=0x0000029e6e8be7e7 sp=0x000000ed8f2fd2a0
Event: 51.350 Thread 0x0000029e69159800 DEOPT UNPACKING pc=0x0000029e6ccba93f sp=0x000000ed8f2fc748 mode 0
Event: 51.920 Thread 0x0000029e69159800 Uncommon trap: trap_request=0xffffff4d fr.pc=0x0000029e74ae0070 relative=0x0000000000000df0
Event: 51.920 Thread 0x0000029e69159800 Uncommon trap: reason=unstable_if action=reinterpret pc=0x0000029e74ae0070 method=org.jetbrains.kotlin.util.Checks.isApplicable(Lorg/jetbrains/kotlin/descriptors/FunctionDescriptor;)Z @ 26 c2
Event: 51.920 Thread 0x0000029e69159800 DEOPT PACKING pc=0x0000029e74ae0070 sp=0x000000ed8f2fc7b0
Event: 51.920 Thread 0x0000029e69159800 DEOPT UNPACKING pc=0x0000029e6ccba1a9 sp=0x000000ed8f2fc740 mode 2
Event: 51.920 Thread 0x0000029e69159800 Uncommon trap: trap_request=0xffffff4d fr.pc=0x0000029e74aedeb4 relative=0x00000000000000f4
Event: 51.920 Thread 0x0000029e69159800 Uncommon trap: reason=unstable_if action=reinterpret pc=0x0000029e74aedeb4 method=org.jetbrains.kotlin.util.AbstractModifierChecks.check(Lorg/jetbrains/kotlin/descriptors/FunctionDescriptor;)Lorg/jetbrains/kotlin/util/CheckResult; @ 40 c2
Event: 51.920 Thread 0x0000029e69159800 DEOPT PACKING pc=0x0000029e74aedeb4 sp=0x000000ed8f2fc7f0
Event: 51.920 Thread 0x0000029e69159800 DEOPT UNPACKING pc=0x0000029e6ccba1a9 sp=0x000000ed8f2fc780 mode 2

Classes redefined (0 events):
No events

Internal exceptions (20 events):
Event: 7.664 Thread 0x0000029e69159800 Exception <a 'sun/nio/fs/WindowsException'{0x0000000088218040}> (0x0000000088218040) thrown at [./src/hotspot/share/prims/jni.cpp, line 615]
Event: 7.671 Thread 0x0000029e69159800 Exception <a 'java/lang/NoSuchMethodError'{0x000000008821e850}: 'void java.lang.invoke.DirectMethodHandle$Holder.invokeStatic(java.lang.Object, java.lang.Object, java.lang.Object, java.lang.Object)'> (0x000000008821e850) thrown at [./src/hotspot/share/interpreter/linkResolver.cpp, line 773]
Event: 7.931 Thread 0x0000029e69159800 Exception <a 'java/lang/NoSuchMethodError'{0x0000000087ffea60}: 'void java.lang.invoke.DirectMethodHandle$Holder.invokeStaticInit(java.lang.Object, java.lang.Object)'> (0x0000000087ffea60) thrown at [./src/hotspot/share/interpreter/linkResolver.cpp, line 773]
Event: 8.430 Thread 0x0000029e69159800 Exception <a 'java/lang/NoSuchMethodError'{0x0000000087963638}: 'void java.lang.invoke.DirectMethodHandle$Holder.invokeVirtual(java.lang.Object, java.lang.Object)'> (0x0000000087963638) thrown at [./src/hotspot/share/interpreter/linkResolver.cpp, line 773]
Event: 8.481 Thread 0x0000029e69159800 Exception <a 'java/lang/NoSuchMethodError'{0x00000000879e3ff0}: 'int java.lang.invoke.DirectMethodHandle$Holder.invokeVirtual(java.lang.Object, java.lang.Object)'> (0x00000000879e3ff0) thrown at [./src/hotspot/share/interpreter/linkResolver.cpp, line 773]
Event: 13.674 Thread 0x0000029e69159800 Exception <a 'java/lang/NoSuchMethodError'{0x0000000088d1a328}: 'java.lang.Object java.lang.invoke.DirectMethodHandle$Holder.invokeVirtual(java.lang.Object, java.lang.Object, java.lang.Object)'> (0x0000000088d1a328) thrown at [./src/hotspot/share/interpreter/linkResolver.cpp, line 773]
Event: 16.726 Thread 0x0000029e69159800 Exception <a 'java/lang/NoSuchMethodError'{0x0000000089030280}: 'java.lang.Object java.lang.invoke.Invokers$Holder.linkToTargetMethod(java.lang.Object, int, java.lang.Object)'> (0x0000000089030280) thrown at [./src/hotspot/share/interpreter/linkResolver.cpp, line 773]
Event: 19.874 Thread 0x0000029e69159800 Exception <a 'java/lang/NoSuchMethodError'{0x0000000087e91618}: 'java.lang.Object java.lang.invoke.DirectMethodHandle$Holder.invokeStatic(java.lang.Object, java.lang.Object, java.lang.Object, int)'> (0x0000000087e91618) thrown at [./src/hotspot/share/interpreter/linkResolver.cpp, line 773]
Event: 19.877 Thread 0x0000029e69159800 Exception <a 'java/lang/NoSuchMethodError'{0x0000000087e95288}: 'java.lang.Object java.lang.invoke.DirectMethodHandle$Holder.invokeSpecial(java.lang.Object, java.lang.Object, java.lang.Object, java.lang.Object, int)'> (0x0000000087e95288) thrown at [./src/hotspot/share/interpreter/linkResolver.cpp, line 773]
Event: 19.878 Thread 0x0000029e69159800 Exception <a 'java/lang/NoSuchMethodError'{0x0000000087e98598}: 'java.lang.Object java.lang.invoke.Invokers$Holder.linkToTargetMethod(java.lang.Object, java.lang.Object, int, java.lang.Object)'> (0x0000000087e98598) thrown at [./src/hotspot/share/interpreter/linkResolver.cpp, line 773]
Event: 30.523 Thread 0x0000029e69159800 Exception <a 'java/lang/NoSuchMethodError'{0x000000008805ad98}: 'java.lang.Object java.lang.invoke.DirectMethodHandle$Holder.invokeSpecial(java.lang.Object, java.lang.Object, java.lang.Object, java.lang.Object, java.lang.Object, java.lang.Object, java.lang.Object, java.lang.Object, java.lang.Object)'> (0x000000008805ad98) thrown at [./src/hotspot/share/interpreter/linkResolver.cpp, line 773]
Event: 30.524 Thread 0x0000029e69159800 Exception <a 'java/lang/NoSuchMethodError'{0x000000008805ef90}: 'java.lang.Object java.lang.invoke.Invokers$Holder.linkToTargetMethod(java.lang.Object, java.lang.Object, java.lang.Object, java.lang.Object, java.lang.Object, java.lang.Object, java.lang.Object, java.lang.Object)'> (0x000000008805ef90) thrown at [./src/hotspot/share/interpreter/linkResolver.cpp, line 773]
Event: 33.671 Thread 0x0000029e69159800 Exception <a 'java/lang/NoSuchMethodError'{0x000000008a2ea5a0}: 'java.lang.Object java.lang.invoke.DirectMethodHandle$Holder.invokeSpecial(java.lang.Object, java.lang.Object, java.lang.Object, java.lang.Object, java.lang.Object, int)'> (0x000000008a2ea5a0) thrown at [./src/hotspot/share/interpreter/linkResolver.cpp, line 773]
Event: 33.671 Thread 0x0000029e69159800 Exception <a 'java/lang/NoSuchMethodError'{0x000000008a2ee140}: 'java.lang.Object java.lang.invoke.Invokers$Holder.linkToTargetMethod(java.lang.Object, java.lang.Object, java.lang.Object, int, java.lang.Object)'> (0x000000008a2ee140) thrown at [./src/hotspot/share/interpreter/linkResolver.cpp, line 773]
Event: 34.297 Thread 0x0000029e69159800 Implicit null exception at 0x0000029e7496380e to 0x0000029e74963e54
Event: 34.639 Thread 0x0000029e69159800 Implicit null exception at 0x0000029e749377f3 to 0x0000029e749379a8
Event: 44.993 Thread 0x0000029e69159800 Implicit null exception at 0x0000029e7496c6fe to 0x0000029e7496c958
Event: 46.810 Thread 0x0000029e69159800 Exception <a 'java/lang/NoSuchMethodError'{0x0000000089ac9478}: 'java.lang.Object java.lang.invoke.DirectMethodHandle$Holder.invokeStaticInit(java.lang.Object, java.lang.Object, java.lang.Object)'> (0x0000000089ac9478) thrown at [./src/hotspot/share/interpreter/linkResolver.cpp, line 773]
Event: 51.330 Thread 0x0000029e69159800 Exception <a 'java/lang/NoSuchMethodError'{0x00000000888f0ed0}: 'int java.lang.invoke.DirectMethodHandle$Holder.invokeInterface(java.lang.Object, java.lang.Object)'> (0x00000000888f0ed0) thrown at [./src/hotspot/share/interpreter/linkResolver.cpp, line 773]
Event: 51.932 Thread 0x0000029e69159800 Exception <a 'java/lang/NoSuchMethodError'{0x00000000880c1420}: 'java.lang.Object java.lang.invoke.DirectMethodHandle$Holder.invokeStatic(java.lang.Object, int, java.lang.Object, java.lang.Object)'> (0x00000000880c1420) thrown at [./src/hotspot/share/interpreter/linkResolver.cpp, line 773]

Events (20 events):
Event: 51.922 loading class org/jetbrains/kotlin/util/CheckResult$IllegalSignature done
Event: 51.922 Executing VM operation: Deoptimize
Event: 51.924 Executing VM operation: Deoptimize done
Event: 51.925 loading class org/jetbrains/kotlin/codegen/state/InfoForMangling
Event: 51.925 loading class org/jetbrains/kotlin/codegen/state/InfoForMangling done
Event: 51.929 loading class org/jetbrains/kotlin/descriptors/ValueParameterDescriptor
Event: 51.929 loading class org/jetbrains/kotlin/descriptors/ValueParameterDescriptor done
Event: 51.929 loading class org/jetbrains/kotlin/resolve/jvm/kotlinSignature/SignaturesPropagationData$TypeAndName
Event: 51.929 loading class org/jetbrains/kotlin/resolve/jvm/kotlinSignature/SignaturesPropagationData$TypeAndName done
Event: 51.933 loading class org/jetbrains/kotlin/descriptors/FunctionDescriptor
Event: 51.933 loading class org/jetbrains/kotlin/descriptors/FunctionDescriptor done
Event: 51.933 loading class org/jetbrains/kotlin/descriptors/ValueParameterDescriptor
Event: 51.933 loading class org/jetbrains/kotlin/descriptors/ValueParameterDescriptor done
Event: 51.935 loading class org/jetbrains/kotlin/resolve/jvm/kotlinSignature/SignaturesPropagationData$VarargCheckResult
Event: 51.935 loading class org/jetbrains/kotlin/resolve/jvm/kotlinSignature/SignaturesPropagationData$VarargCheckResult done
Event: 51.943 loading class org/jetbrains/kotlin/descriptors/annotations/CompositeAnnotations$findAnnotation$1
Event: 51.943 loading class org/jetbrains/kotlin/descriptors/annotations/CompositeAnnotations$findAnnotation$1 done
Event: 52.606 Executing VM operation: G1CollectForAllocation
Event: 52.675 Executing VM operation: G1CollectForAllocation done
Event: 52.769 Executing VM operation: G1CollectForAllocation


Dynamic libraries:
0x00007ff6d90d0000 - 0x00007ff6d90da000 	C:\Program Files\Android\Android Studio1\jre\bin\java.exe
0x00007ffadc510000 - 0x00007ffadc708000 	C:\Windows\SYSTEM32\ntdll.dll
0x00007ffadb680000 - 0x00007ffadb73d000 	C:\Windows\System32\KERNEL32.DLL
0x00007ffada080000 - 0x00007ffada34e000 	C:\Windows\System32\KERNELBASE.dll
0x00007ffad9cd0000 - 0x00007ffad9dd0000 	C:\Windows\System32\ucrtbase.dll
0x00007ffad4610000 - 0x00007ffad4627000 	C:\Program Files\Android\Android Studio1\jre\bin\VCRUNTIME140.dll
0x00007ffad4b00000 - 0x00007ffad4b19000 	C:\Program Files\Android\Android Studio1\jre\bin\jli.dll
0x00007ffadac80000 - 0x00007ffadae20000 	C:\Windows\System32\USER32.dll
0x00007ffada350000 - 0x00007ffada372000 	C:\Windows\System32\win32u.dll
0x00007ffadb650000 - 0x00007ffadb67a000 	C:\Windows\System32\GDI32.dll
0x00007ffad9f70000 - 0x00007ffada07b000 	C:\Windows\System32\gdi32full.dll
0x00007ffad9e80000 - 0x00007ffad9f1d000 	C:\Windows\System32\msvcp_win.dll
0x00007ffac72f0000 - 0x00007ffac758a000 	C:\Windows\WinSxS\amd64_microsoft.windows.common-controls_6595b64144ccf1df_6.0.19041.1110_none_60b5254171f9507e\COMCTL32.dll
0x00007ffadc430000 - 0x00007ffadc4ce000 	C:\Windows\System32\msvcrt.dll
0x00007ffada5d0000 - 0x00007ffada600000 	C:\Windows\System32\IMM32.DLL
0x00007ffaccab0000 - 0x00007ffaccb4d000 	C:\Program Files\Android\Android Studio1\jre\bin\msvcp140.dll
0x00007ffa72b20000 - 0x00007ffa73605000 	C:\Program Files\Android\Android Studio1\jre\bin\server\jvm.dll
0x00007ffadb590000 - 0x00007ffadb63e000 	C:\Windows\System32\ADVAPI32.dll
0x00007ffadbb70000 - 0x00007ffadbc0c000 	C:\Windows\System32\sechost.dll
0x00007ffadab50000 - 0x00007ffadac75000 	C:\Windows\System32\RPCRT4.dll
0x00007ffadb640000 - 0x00007ffadb648000 	C:\Windows\System32\PSAPI.DLL
0x00007ffad4f50000 - 0x00007ffad4f59000 	C:\Windows\SYSTEM32\WSOCK32.dll
0x00007ffadafe0000 - 0x00007ffadb04b000 	C:\Windows\System32\WS2_32.dll
0x00007ffacbf70000 - 0x00007ffacbf97000 	C:\Windows\SYSTEM32\WINMM.dll
0x00007ffac9060000 - 0x00007ffac906a000 	C:\Windows\SYSTEM32\VERSION.dll
0x00007ffad8510000 - 0x00007ffad8522000 	C:\Windows\SYSTEM32\kernel.appcore.dll
0x00007ffad3290000 - 0x00007ffad32a1000 	C:\Program Files\Android\Android Studio1\jre\bin\verify.dll
0x00007ffacd390000 - 0x00007ffacd574000 	C:\Windows\SYSTEM32\DBGHELP.DLL
0x00007ffacd360000 - 0x00007ffacd38c000 	C:\Windows\SYSTEM32\dbgcore.DLL
0x00007ffada4e0000 - 0x00007ffada562000 	C:\Windows\System32\bcryptPrimitives.dll
0x00007ffad27a0000 - 0x00007ffad27c9000 	C:\Program Files\Android\Android Studio1\jre\bin\java.dll
0x00007ffad2790000 - 0x00007ffad279b000 	C:\Program Files\Android\Android Studio1\jre\bin\jimage.dll
0x00007ffad2770000 - 0x00007ffad2788000 	C:\Program Files\Android\Android Studio1\jre\bin\zip.dll
0x00007ffadbc10000 - 0x00007ffadc354000 	C:\Windows\System32\SHELL32.dll
0x00007ffad7c40000 - 0x00007ffad83d4000 	C:\Windows\SYSTEM32\windows.storage.dll
0x00007ffadb740000 - 0x00007ffadba94000 	C:\Windows\System32\combase.dll
0x00007ffad9690000 - 0x00007ffad96c0000 	C:\Windows\SYSTEM32\Wldp.dll
0x00007ffadb4e0000 - 0x00007ffadb58d000 	C:\Windows\System32\SHCORE.dll
0x00007ffadb230000 - 0x00007ffadb285000 	C:\Windows\System32\shlwapi.dll
0x00007ffad9b70000 - 0x00007ffad9b8f000 	C:\Windows\SYSTEM32\profapi.dll
0x00007ffad26c0000 - 0x00007ffad26da000 	C:\Program Files\Android\Android Studio1\jre\bin\net.dll
0x00007ffaced20000 - 0x00007ffacee2a000 	C:\Windows\SYSTEM32\WINHTTP.dll
0x00007ffad93f0000 - 0x00007ffad945a000 	C:\Windows\system32\mswsock.dll
0x00007ffad26a0000 - 0x00007ffad26b4000 	C:\Program Files\Android\Android Studio1\jre\bin\nio.dll

dbghelp: loaded successfully - version: 4.0.5 - missing functions: none
symbol engine: initialized successfully - sym options: 0x614 - pdb path: .;C:\Program Files\Android\Android Studio1\jre\bin;C:\Windows\SYSTEM32;C:\Windows\WinSxS\amd64_microsoft.windows.common-controls_6595b64144ccf1df_6.0.19041.1110_none_60b5254171f9507e;C:\Program Files\Android\Android Studio1\jre\bin\server

VM Arguments:
java_command: org.jetbrains.kotlin.cli.jvm.K2JVMCompiler @C:\Users\hasan\AndroidStudioProjects\Sipmase\app\build\20220914_15519986250766409543.compiler.options
java_class_path (initial): C:\Users\hasan\.gradle\caches\modules-2\files-2.1\org.jetbrains.kotlin\kotlin-compiler-embeddable\1.6.10\88f2073f4020cdb83132cfe940ceb9a60aba54ea\kotlin-compiler-embeddable-1.6.10.jar;C:\Users\hasan\.gradle\caches\modules-2\files-2.1\org.jetbrains.kotlin\kotlin-reflect\1.6.10\1cbe9c92c12a94eea200d23c2bbaedaf3daf5132\kotlin-reflect-1.6.10.jar;C:\Users\hasan\.gradle\caches\modules-2\files-2.1\org.jetbrains.kotlin\kotlin-stdlib\1.6.10\b8af3fe6f1ca88526914929add63cf5e7c5049af\kotlin-stdlib-1.6.10.jar;C:\Users\hasan\.gradle\caches\modules-2\files-2.1\org.jetbrains.kotlin\kotlin-script-runtime\1.6.10\d0a7ff2e2500ef497ed0214ae40ad3c8387a6164\kotlin-script-runtime-1.6.10.jar;C:\Users\hasan\.gradle\caches\modules-2\files-2.1\org.jetbrains.kotlin\kotlin-daemon-embeddable\1.6.10\a56d79bcbea411fa6058e4ecffc2de73e742bd2a\kotlin-daemon-embeddable-1.6.10.jar;C:\Users\hasan\.gradle\caches\modules-2\files-2.1\org.jetbrains.intellij.deps\trove4j\1.0.20181211\216c2e14b070f334479d800987affe4054cd563f\trove4j-1.0.20181211.jar;C:\Users\hasan\.gradle\caches\modules-2\files-2.1\net.java.dev.jna\jna\5.6.0\330f2244e9030119ab3030fc3fededc86713d9cc\jna-5.6.0.jar;C:\Users\hasan\.gradle\caches\modules-2\files-2.1\org.jetbrains\annotations\13.0\919f0dfe192fb4e063e7dacadee7f8bb9a2672a9\annotations-13.0.jar;C:\Users\hasan\.gradle\caches\modules-2\files-2.1\org.jetbrains.kotlin\kotlin-stdlib-common\1.6.10\c118700e3a33c8a0d9adc920e9dec0831171925\kotlin-stdlib-common-1.6.10.jar
Launcher Type: SUN_STANDARD

[Global flags]
     intx CICompilerCount                          = 3                                         {product} {ergonomic}
     uint ConcGCThreads                            = 1                                         {product} {ergonomic}
     uint G1ConcRefinementThreads                  = 4                                         {product} {ergonomic}
   size_t G1HeapRegionSize                         = 1048576                                   {product} {ergonomic}
    uintx GCDrainStackTargetSize                   = 64                                        {product} {ergonomic}
   size_t InitialHeapSize                          = 134217728                                 {product} {ergonomic}
   size_t MarkStackSize                            = 4194304                                   {product} {ergonomic}
   size_t MaxHeapSize                              = 2128609280                                {product} {ergonomic}
   size_t MaxNewSize                               = 1277165568                                {product} {ergonomic}
   size_t MinHeapDeltaBytes                        = 1048576                                   {product} {ergonomic}
    uintx NonNMethodCodeHeapSize                   = 5830732                                {pd product} {ergonomic}
    uintx NonProfiledCodeHeapSize                  = 122913754                              {pd product} {ergonomic}
    uintx ProfiledCodeHeapSize                     = 122913754                              {pd product} {ergonomic}
    uintx ReservedCodeCacheSize                    = 251658240                              {pd product} {ergonomic}
     bool SegmentedCodeCache                       = true                                      {product} {ergonomic}
     bool UseCompressedClassPointers               = true                                 {lp64_product} {ergonomic}
     bool UseCompressedOops                        = true                                 {lp64_product} {ergonomic}
     bool UseG1GC                                  = true                                      {product} {ergonomic}
     bool UseLargePagesIndividualAllocation        = false                                  {pd product} {ergonomic}

Logging:
Log output configuration:
 #0: stdout all=warning uptime,level,tags
 #1: stderr all=off uptime,level,tags

Environment Variables:
PATH=C:\Program Files\Common Files\Oracle\Java\javapath;C:\Python310\Scripts\;C:\Python310\;C:\Windows\system32;C:\Windows;C:\Windows\System32\Wbem;C:\Windows\System32\WindowsPowerShell\v1.0\;C:\Windows\System32\OpenSSH\;C:\Program Files\nodejs\;C:\Program Files\Git\cmd;C:\xampp\php;C:\ProgramData\ComposerSetup\bin;C:\ProgramData\chocolatey\bin;C:\Program Files\PuTTY\;C:\Program Files\dotnet\;C:\Users\hasan\AppData\Local\Microsoft\WindowsApps;C:\Users\hasan\AppData\Roaming\npm;C:\Users\hasan\AppData\Local\Programs\Microsoft VS Code\bin;C:\Users\hasan\AppData\Roaming\Composer\vendor\bin;C:\Users\hasan\AppData\Local\GitHubDesktop\bin
USERNAME=hasan
OS=Windows_NT
PROCESSOR_IDENTIFIER=Intel64 Family 6 Model 37 Stepping 5, GenuineIntel



---------------  S Y S T E M  ---------------

OS: Windows 10 , 64 bit Build 19041 (10.0.19041.1889)
OS uptime: 7 days 14:26 hours

CPU:total 4 (initial active 4) (2 cores per cpu, 2 threads per core) family 6 model 37 stepping 5 microcode 0x7, cmov, cx8, fxsr, mmx, sse, sse2, sse3, ssse3, sse4.1, sse4.2, popcnt, ht, tsc, tscinvbit

Memory: 4k page, system-wide physical 8117M (206M free)
TotalPageFile size 32693M (AvailPageFile size 7M)
current process WorkingSet (physical memory assigned to process): 311M, peak: 312M
current process commit charge ("private bytes"): 344M, peak: 375M

vm_info: OpenJDK 64-Bit Server VM (11.0.12+7-b1504.28-7817840) for windows-amd64 JRE (11.0.12+7-b1504.28-7817840), built on Oct 13 2021 22:12:33 by "builder" with MS VC++ 14.0 (VS2015)

END.
